<?xml version="1.0" encoding="UTF-8"?>
<coverage generated="1782564701983" clover="3.2.0">
  <project timestamp="1782564701983" name="All files">
    <metrics statements="177" coveredstatements="177" conditionals="70" coveredconditionals="60" methods="58" coveredmethods="58" elements="305" coveredelements="295" complexity="0" loc="177" ncloc="177" packages="1" files="4" classes="4"/>
    <file name="index.ts" path="/home/user/nata-studio-os/skills/ai-creative-director/src/index.ts">
      <metrics statements="82" coveredstatements="82" conditionals="29" coveredconditionals="22" methods="30" coveredmethods="30"/>
      <line num="1" count="1" type="stmt"/>
      <line num="3" count="1" type="stmt"/>
      <line num="4" count="1" type="stmt"/>
      <line num="5" count="1" type="stmt"/>
      <line num="25" count="14" type="stmt"/>
      <line num="26" count="14" type="stmt"/>
      <line num="27" count="14" type="stmt"/>
      <line num="32" count="1" type="stmt"/>
      <line num="43" count="10" type="cond" truecount="1" falsecount="0"/>
      <line num="44" count="9" type="cond" truecount="1" falsecount="0"/>
      <line num="45" count="8" type="cond" truecount="1" falsecount="0"/>
      <line num="46" count="7" type="cond" truecount="1" falsecount="0"/>
      <line num="47" count="6" type="stmt"/>
      <line num="59" count="6" type="cond" truecount="1" falsecount="1"/>
      <line num="61" count="6" type="cond" truecount="1" falsecount="3"/>
      <line num="63" count="6" type="cond" truecount="2" falsecount="0"/>
      <line num="67" count="6" type="stmt"/>
      <line num="78" count="6" type="stmt"/>
      <line num="88" count="14" type="stmt"/>
      <line num="96" count="14" type="stmt"/>
      <line num="104" count="14" type="cond" truecount="2" falsecount="0"/>
      <line num="105" count="29" type="stmt"/>
      <line num="113" count="14" type="stmt"/>
      <line num="120" count="14" type="stmt"/>
      <line num="128" count="14" type="stmt"/>
      <line num="137" count="14" type="stmt"/>
      <line num="138" count="14" type="stmt"/>
      <line num="139" count="14" type="stmt"/>
      <line num="140" count="29" type="stmt"/>
      <line num="142" count="14" type="stmt"/>
      <line num="143" count="57" type="stmt"/>
      <line num="145" count="14" type="stmt"/>
      <line num="156" count="10" type="stmt"/>
      <line num="157" count="10" type="stmt"/>
      <line num="161" count="6" type="stmt"/>
      <line num="162" count="6" type="stmt"/>
      <line num="166" count="6" type="stmt"/>
      <line num="167" count="6" type="stmt"/>
      <line num="168" count="6" type="stmt"/>
      <line num="172" count="6" type="stmt"/>
      <line num="173" count="6" type="stmt"/>
      <line num="174" count="6" type="stmt"/>
      <line num="175" count="6" type="stmt"/>
      <line num="179" count="6" type="stmt"/>
      <line num="180" count="6" type="stmt"/>
      <line num="181" count="6" type="stmt"/>
      <line num="182" count="6" type="stmt"/>
      <line num="183" count="6" type="stmt"/>
      <line num="189" count="7" type="stmt"/>
      <line num="190" count="7" type="cond" truecount="1" falsecount="0"/>
      <line num="191" count="6" type="cond" truecount="1" falsecount="0"/>
      <line num="192" count="5" type="cond" truecount="1" falsecount="0"/>
      <line num="193" count="4" type="stmt"/>
      <line num="197" count="4" type="stmt"/>
      <line num="198" count="4" type="stmt"/>
      <line num="204" count="10" type="stmt"/>
      <line num="225" count="90" type="stmt"/>
      <line num="226" count="30" type="stmt"/>
      <line num="229" count="1" type="stmt"/>
      <line num="233" count="10" type="stmt"/>
      <line num="234" count="10" type="stmt"/>
      <line num="235" count="10" type="stmt"/>
      <line num="237" count="10" type="stmt"/>
      <line num="252" count="10" type="cond" truecount="1" falsecount="0"/>
      <line num="253" count="4" type="cond" truecount="1" falsecount="1"/>
      <line num="256" count="6" type="stmt"/>
      <line num="257" count="30" type="stmt"/>
      <line num="259" count="6" type="stmt"/>
      <line num="270" count="1" type="stmt"/>
      <line num="274" count="7" type="stmt"/>
      <line num="275" count="7" type="stmt"/>
      <line num="277" count="7" type="stmt"/>
      <line num="291" count="7" type="cond" truecount="1" falsecount="0"/>
      <line num="292" count="3" type="cond" truecount="1" falsecount="1"/>
      <line num="295" count="8" type="stmt"/>
      <line num="296" count="4" type="stmt"/>
      <line num="298" count="4" type="stmt"/>
      <line num="301" count="1" type="stmt"/>
      <line num="302" count="16" type="stmt"/>
      <line num="309" count="8" type="stmt"/>
      <line num="314" count="1" type="stmt"/>
      <line num="322" count="1" type="stmt"/>
    </file>
    <file name="prompt-builder.ts" path="/home/user/nata-studio-os/skills/ai-creative-director/src/prompt-builder.ts">
      <metrics statements="35" coveredstatements="35" conditionals="12" coveredconditionals="10" methods="10" coveredmethods="10"/>
      <line num="3" count="1" type="stmt"/>
      <line num="12" count="1" type="stmt"/>
      <line num="24" count="1" type="stmt"/>
      <line num="30" count="36" type="stmt"/>
      <line num="34" count="36" type="cond" truecount="1" falsecount="1"/>
      <line num="35" count="36" type="stmt"/>
      <line num="39" count="36" type="stmt"/>
      <line num="43" count="36" type="stmt"/>
      <line num="47" count="36" type="stmt"/>
      <line num="48" count="36" type="stmt"/>
      <line num="49" count="36" type="stmt"/>
      <line num="53" count="36" type="cond" truecount="1" falsecount="1"/>
      <line num="54" count="36" type="cond" truecount="2" falsecount="0"/>
      <line num="55" count="36" type="cond" truecount="2" falsecount="0"/>
      <line num="56" count="36" type="stmt"/>
      <line num="60" count="36" type="stmt"/>
      <line num="61" count="36" type="cond" truecount="1" falsecount="0"/>
      <line num="62" count="5" type="stmt"/>
      <line num="63" count="5" type="stmt"/>
      <line num="65" count="36" type="cond" truecount="1" falsecount="0"/>
      <line num="66" count="4" type="stmt"/>
      <line num="67" count="4" type="stmt"/>
      <line num="69" count="36" type="cond" truecount="1" falsecount="0"/>
      <line num="70" count="15" type="stmt"/>
      <line num="71" count="15" type="stmt"/>
      <line num="73" count="36" type="stmt"/>
      <line num="76" count="1" type="stmt"/>
      <line num="77" count="36" type="stmt"/>
      <line num="78" count="36" type="stmt"/>
      <line num="79" count="36" type="stmt"/>
      <line num="80" count="36" type="stmt"/>
      <line num="82" count="36" type="stmt"/>
      <line num="91" count="1" type="stmt"/>
      <line num="96" count="8" type="stmt"/>
      <line num="97" count="19" type="stmt"/>
    </file>
    <file name="quality-reviewer.ts" path="/home/user/nata-studio-os/skills/ai-creative-director/src/quality-reviewer.ts">
      <metrics statements="32" coveredstatements="32" conditionals="14" coveredconditionals="13" methods="11" coveredmethods="11"/>
      <line num="3" count="1" type="stmt"/>
      <line num="12" count="10" type="stmt"/>
      <line num="14" count="50" type="cond" truecount="1" falsecount="1"/>
      <line num="21" count="10" type="cond" truecount="1" falsecount="0"/>
      <line num="22" count="7" type="cond" truecount="1" falsecount="0"/>
      <line num="23" count="6" type="cond" truecount="1" falsecount="0"/>
      <line num="24" count="5" type="cond" truecount="1" falsecount="0"/>
      <line num="25" count="3" type="stmt"/>
      <line num="29" count="10" type="cond" truecount="1" falsecount="0"/>
      <line num="30" count="7" type="cond" truecount="1" falsecount="0"/>
      <line num="31" count="6" type="cond" truecount="1" falsecount="0"/>
      <line num="32" count="1" type="stmt"/>
      <line num="34" count="5" type="stmt"/>
      <line num="38" count="10" type="cond" truecount="1" falsecount="0"/>
      <line num="39" count="7" type="stmt"/>
      <line num="40" count="35" type="stmt"/>
      <line num="41" count="15" type="stmt"/>
      <line num="43" count="13" type="stmt"/>
      <line num="47" count="57" type="cond" truecount="4" falsecount="0"/>
      <line num="48" count="3" type="stmt"/>
      <line num="52" count="1" type="stmt"/>
      <line num="53" count="13" type="stmt"/>
      <line num="54" count="12" type="stmt"/>
      <line num="55" count="11" type="stmt"/>
      <line num="56" count="11" type="stmt"/>
      <line num="57" count="10" type="stmt"/>
      <line num="59" count="10" type="stmt"/>
      <line num="67" count="10" type="stmt"/>
      <line num="68" count="10" type="stmt"/>
      <line num="69" count="44" type="stmt"/>
      <line num="70" count="10" type="stmt"/>
      <line num="72" count="10" type="stmt"/>
    </file>
    <file name="tool-selector.ts" path="/home/user/nata-studio-os/skills/ai-creative-director/src/tool-selector.ts">
      <metrics statements="28" coveredstatements="28" conditionals="15" coveredconditionals="15" methods="7" coveredmethods="7"/>
      <line num="9" count="1" type="stmt"/>
      <line num="11" count="1" type="stmt"/>
      <line num="113" count="1" type="stmt"/>
      <line num="126" count="171" type="cond" truecount="1" falsecount="0"/>
      <line num="127" count="102" type="cond" truecount="1" falsecount="0"/>
      <line num="128" count="88" type="stmt"/>
      <line num="129" count="88" type="cond" truecount="1" falsecount="0"/>
      <line num="130" count="88" type="cond" truecount="1" falsecount="0"/>
      <line num="131" count="88" type="cond" truecount="2" falsecount="0"/>
      <line num="132" count="9" type="cond" truecount="2" falsecount="0"/>
      <line num="133" count="3" type="stmt"/>
      <line num="134" count="88" type="cond" truecount="3" falsecount="0"/>
      <line num="135" count="88" type="cond" truecount="3" falsecount="0"/>
      <line num="136" count="3" type="stmt"/>
      <line num="138" count="88" type="stmt"/>
      <line num="142" count="18" type="stmt"/>
      <line num="143" count="18" type="stmt"/>
      <line num="144" count="18" type="stmt"/>
      <line num="150" count="1" type="stmt"/>
      <line num="151" count="19" type="stmt"/>
      <line num="152" count="171" type="stmt"/>
      <line num="153" count="171" type="stmt"/>
      <line num="154" count="130" type="stmt"/>
      <line num="156" count="19" type="cond" truecount="1" falsecount="0"/>
      <line num="157" count="1" type="stmt"/>
      <line num="162" count="18" type="stmt"/>
      <line num="163" count="36" type="stmt"/>
      <line num="165" count="18" type="stmt"/>
    </file>
  </project>
</coverage>
