{"/home/user/nata-studio-os/skills/ai-creative-director/src/index.ts": {"path":"/home/user/nata-studio-os/skills/ai-creative-director/src/index.ts","statementMap":{"0":{"start":{"line":229,"column":0},"end":{"line":229,"column":7}},"1":{"start":{"line":270,"column":0},"end":{"line":270,"column":7}},"2":{"start":{"line":301,"column":0},"end":{"line":301,"column":16}},"3":{"start":{"line":1,"column":0},"end":{"line":1,"column":61}},"4":{"start":{"line":3,"column":0},"end":{"line":3,"column":45}},"5":{"start":{"line":4,"column":0},"end":{"line":4,"column":76}},"6":{"start":{"line":5,"column":0},"end":{"line":5,"column":50}},"7":{"start":{"line":25,"column":0},"end":{"line":25,"column":9}},"8":{"start":{"line":25,"column":9},"end":{"line":25,"column":45}},"9":{"start":{"line":26,"column":0},"end":{"line":26,"column":9}},"10":{"start":{"line":26,"column":9},"end":{"line":26,"column":50}},"11":{"start":{"line":27,"column":0},"end":{"line":27,"column":9}},"12":{"start":{"line":27,"column":9},"end":{"line":27,"column":50}},"13":{"start":{"line":32,"column":53},"end":{"line":40,"column":2}},"14":{"start":{"line":43,"column":2},"end":{"line":43,"column":84}},"15":{"start":{"line":43,"column":31},"end":{"line":43,"column":84}},"16":{"start":{"line":44,"column":2},"end":{"line":44,"column":88}},"17":{"start":{"line":44,"column":31},"end":{"line":44,"column":88}},"18":{"start":{"line":45,"column":2},"end":{"line":45,"column":110}},"19":{"start":{"line":45,"column":38},"end":{"line":45,"column":110}},"20":{"start":{"line":46,"column":2},"end":{"line":46,"column":101}},"21":{"start":{"line":46,"column":31},"end":{"line":46,"column":101}},"22":{"start":{"line":47,"column":2},"end":{"line":55,"column":4}},"23":{"start":{"line":59,"column":23},"end":{"line":59,"column":51}},"24":{"start":{"line":61,"column":4},"end":{"line":61,"column":97}},"25":{"start":{"line":63,"column":4},"end":{"line":65,"column":50}},"26":{"start":{"line":67,"column":2},"end":{"line":74,"column":4}},"27":{"start":{"line":78,"column":2},"end":{"line":84,"column":4}},"28":{"start":{"line":88,"column":31},"end":{"line":95,"column":4}},"29":{"start":{"line":96,"column":2},"end":{"line":96,"column":51}},"30":{"start":{"line":104,"column":18},"end":{"line":104,"column":55}},"31":{"start":{"line":105,"column":34},"end":{"line":112,"column":5}},"32":{"start":{"line":105,"column":70},"end":{"line":112,"column":4}},"33":{"start":{"line":113,"column":2},"end":{"line":113,"column":39}},"34":{"start":{"line":120,"column":31},"end":{"line":127,"column":4}},"35":{"start":{"line":128,"column":2},"end":{"line":128,"column":43}},"36":{"start":{"line":137,"column":2},"end":{"line":137,"column":15}},"37":{"start":{"line":138,"column":21},"end":{"line":138,"column":50}},"38":{"start":{"line":139,"column":21},"end":{"line":139,"column":72}},"39":{"start":{"line":140,"column":21},"end":{"line":140,"column":87}},"40":{"start":{"line":140,"column":81},"end":{"line":140,"column":85}},"41":{"start":{"line":142,"column":19},"end":{"line":142,"column":45}},"42":{"start":{"line":143,"column":19},"end":{"line":143,"column":99}},"43":{"start":{"line":143,"column":41},"end":{"line":143,"column":48}},"44":{"start":{"line":143,"column":68},"end":{"line":143,"column":95}},"45":{"start":{"line":145,"column":2},"end":{"line":150,"column":4}},"46":{"start":{"line":156,"column":15},"end":{"line":156,"column":57}},"47":{"start":{"line":157,"column":2},"end":{"line":157,"column":40}},"48":{"start":{"line":161,"column":16},"end":{"line":161,"column":53}},"49":{"start":{"line":162,"column":2},"end":{"line":162,"column":43}},"50":{"start":{"line":166,"column":18},"end":{"line":166,"column":55}},"51":{"start":{"line":167,"column":18},"end":{"line":167,"column":56}},"52":{"start":{"line":168,"column":2},"end":{"line":168,"column":74}},"53":{"start":{"line":172,"column":24},"end":{"line":172,"column":61}},"54":{"start":{"line":173,"column":24},"end":{"line":173,"column":62}},"55":{"start":{"line":174,"column":24},"end":{"line":174,"column":68}},"56":{"start":{"line":175,"column":2},"end":{"line":175,"column":86}},"57":{"start":{"line":179,"column":24},"end":{"line":179,"column":61}},"58":{"start":{"line":180,"column":24},"end":{"line":180,"column":62}},"59":{"start":{"line":181,"column":24},"end":{"line":181,"column":68}},"60":{"start":{"line":182,"column":24},"end":{"line":182,"column":66}},"61":{"start":{"line":183,"column":2},"end":{"line":183,"column":89}},"62":{"start":{"line":189,"column":15},"end":{"line":189,"column":58}},"63":{"start":{"line":190,"column":2},"end":{"line":190,"column":82}},"64":{"start":{"line":190,"column":28},"end":{"line":190,"column":82}},"65":{"start":{"line":191,"column":2},"end":{"line":191,"column":82}},"66":{"start":{"line":191,"column":28},"end":{"line":191,"column":82}},"67":{"start":{"line":192,"column":2},"end":{"line":192,"column":93}},"68":{"start":{"line":192,"column":30},"end":{"line":192,"column":93}},"69":{"start":{"line":193,"column":2},"end":{"line":193,"column":18}},"70":{"start":{"line":197,"column":15},"end":{"line":197,"column":55}},"71":{"start":{"line":198,"column":2},"end":{"line":198,"column":45}},"72":{"start":{"line":204,"column":2},"end":{"line":215,"column":4}},"73":{"start":{"line":225,"column":15},"end":{"line":225,"column":59}},"74":{"start":{"line":225,"column":39},"end":{"line":225,"column":58}},"75":{"start":{"line":226,"column":2},"end":{"line":226,"column":61}},"76":{"start":{"line":233,"column":20},"end":{"line":233,"column":65}},"77":{"start":{"line":234,"column":21},"end":{"line":234,"column":50}},"78":{"start":{"line":235,"column":21},"end":{"line":235,"column":31}},"79":{"start":{"line":237,"column":17},"end":{"line":249,"column":null}},"80":{"start":{"line":252,"column":2},"end":{"line":254,"column":3}},"81":{"start":{"line":253,"column":4},"end":{"line":253,"column":75}},"82":{"start":{"line":256,"column":14},"end":{"line":257,"column":57}},"83":{"start":{"line":257,"column":4},"end":{"line":257,"column":57}},"84":{"start":{"line":259,"column":2},"end":{"line":267,"column":4}},"85":{"start":{"line":274,"column":21},"end":{"line":274,"column":62}},"86":{"start":{"line":275,"column":21},"end":{"line":275,"column":31}},"87":{"start":{"line":277,"column":17},"end":{"line":288,"column":null}},"88":{"start":{"line":291,"column":2},"end":{"line":293,"column":3}},"89":{"start":{"line":292,"column":4},"end":{"line":292,"column":75}},"90":{"start":{"line":295,"column":19},"end":{"line":295,"column":81}},"91":{"start":{"line":295,"column":50},"end":{"line":295,"column":80}},"92":{"start":{"line":296,"column":20},"end":{"line":296,"column":96}},"93":{"start":{"line":298,"column":2},"end":{"line":298,"column":77}},"94":{"start":{"line":302,"column":42},"end":{"line":308,"column":5}},"95":{"start":{"line":302,"column":78},"end":{"line":308,"column":4}},"96":{"start":{"line":309,"column":2},"end":{"line":309,"column":92}},"97":{"start":{"line":314,"column":27},"end":{"line":320,"column":2}},"98":{"start":{"line":322,"column":0},"end":{"line":322,"column":34}}},"fnMap":{"0":{"name":"(anonymous_1)","decl":{"start":{"line":25,"column":9},"end":{"line":25,"column":19}},"loc":{"start":{"line":25,"column":9},"end":{"line":25,"column":45}}},"1":{"name":"(anonymous_2)","decl":{"start":{"line":26,"column":9},"end":{"line":26,"column":21}},"loc":{"start":{"line":26,"column":9},"end":{"line":26,"column":50}}},"2":{"name":"(anonymous_3)","decl":{"start":{"line":27,"column":9},"end":{"line":27,"column":23}},"loc":{"start":{"line":27,"column":9},"end":{"line":27,"column":50}}},"3":{"name":"validateBrief","decl":{"start":{"line":42,"column":9},"end":{"line":42,"column":22}},"loc":{"start":{"line":42,"column":46},"end":{"line":56,"column":1}}},"4":{"name":"deriveConcept","decl":{"start":{"line":58,"column":9},"end":{"line":58,"column":22}},"loc":{"start":{"line":58,"column":44},"end":{"line":75,"column":1}}},"5":{"name":"buildRequirements","decl":{"start":{"line":77,"column":9},"end":{"line":77,"column":26}},"loc":{"start":{"line":77,"column":72},"end":{"line":85,"column":1}}},"6":{"name":"buildPrepPhase","decl":{"start":{"line":87,"column":9},"end":{"line":87,"column":23}},"loc":{"start":{"line":87,"column":52},"end":{"line":97,"column":1}}},"7":{"name":"buildGenerationPhase","decl":{"start":{"line":99,"column":9},"end":{"line":99,"column":29}},"loc":{"start":{"line":102,"column":28},"end":{"line":114,"column":1}}},"8":{"name":"(anonymous_9)","decl":{"start":{"line":105,"column":57},"end":{"line":105,"column":58}},"loc":{"start":{"line":105,"column":70},"end":{"line":112,"column":4}}},"9":{"name":"buildReviewPhase","decl":{"start":{"line":116,"column":9},"end":{"line":116,"column":25}},"loc":{"start":{"line":118,"column":29},"end":{"line":129,"column":1}}},"10":{"name":"buildProductionPlan","decl":{"start":{"line":131,"column":9},"end":{"line":131,"column":28}},"loc":{"start":{"line":135,"column":28},"end":{"line":151,"column":1}}},"11":{"name":"(anonymous_12)","decl":{"start":{"line":140,"column":74},"end":{"line":140,"column":75}},"loc":{"start":{"line":140,"column":81},"end":{"line":140,"column":85}}},"12":{"name":"(anonymous_13)","decl":{"start":{"line":143,"column":34},"end":{"line":143,"column":35}},"loc":{"start":{"line":143,"column":41},"end":{"line":143,"column":48}}},"13":{"name":"(anonymous_14)","decl":{"start":{"line":143,"column":57},"end":{"line":143,"column":58}},"loc":{"start":{"line":143,"column":68},"end":{"line":143,"column":95}}},"14":{"name":"handleValidateBrief","decl":{"start":{"line":155,"column":9},"end":{"line":155,"column":28}},"loc":{"start":{"line":155,"column":45},"end":{"line":158,"column":1}}},"15":{"name":"handleDevelopConcept","decl":{"start":{"line":160,"column":9},"end":{"line":160,"column":29}},"loc":{"start":{"line":160,"column":46},"end":{"line":163,"column":1}}},"16":{"name":"handleSelectTool","decl":{"start":{"line":165,"column":9},"end":{"line":165,"column":25}},"loc":{"start":{"line":165,"column":42},"end":{"line":169,"column":1}}},"17":{"name":"handleGeneratePrompts","decl":{"start":{"line":171,"column":9},"end":{"line":171,"column":30}},"loc":{"start":{"line":171,"column":47},"end":{"line":176,"column":1}}},"18":{"name":"handlePlanProduction","decl":{"start":{"line":178,"column":9},"end":{"line":178,"column":29}},"loc":{"start":{"line":178,"column":46},"end":{"line":184,"column":1}}},"19":{"name":"handleAnalyzeConcept","decl":{"start":{"line":188,"column":9},"end":{"line":188,"column":29}},"loc":{"start":{"line":188,"column":46},"end":{"line":194,"column":1}}},"20":{"name":"handleGeneratePrompt","decl":{"start":{"line":196,"column":9},"end":{"line":196,"column":29}},"loc":{"start":{"line":196,"column":46},"end":{"line":199,"column":1}}},"21":{"name":"briefRoutes","decl":{"start":{"line":203,"column":9},"end":{"line":203,"column":20}},"loc":{"start":{"line":203,"column":20},"end":{"line":216,"column":1}}},"22":{"name":"extractStepOutput","decl":{"start":{"line":220,"column":9},"end":{"line":220,"column":26}},"loc":{"start":{"line":223,"column":13},"end":{"line":227,"column":1}}},"23":{"name":"(anonymous_24)","decl":{"start":{"line":225,"column":32},"end":{"line":225,"column":33}},"loc":{"start":{"line":225,"column":39},"end":{"line":225,"column":58}}},"24":{"name":"runBriefWorkflow","decl":{"start":{"line":229,"column":22},"end":{"line":229,"column":38}},"loc":{"start":{"line":231,"column":30},"end":{"line":268,"column":1}}},"25":{"name":"(anonymous_26)","decl":{"start":{"line":256,"column":14},"end":{"line":256,"column":18}},"loc":{"start":{"line":257,"column":4},"end":{"line":257,"column":57}}},"26":{"name":"runPromptWorkflow","decl":{"start":{"line":270,"column":22},"end":{"line":270,"column":39}},"loc":{"start":{"line":272,"column":30},"end":{"line":299,"column":1}}},"27":{"name":"(anonymous_28)","decl":{"start":{"line":295,"column":43},"end":{"line":295,"column":44}},"loc":{"start":{"line":295,"column":50},"end":{"line":295,"column":80}}},"28":{"name":"planProduction","decl":{"start":{"line":301,"column":16},"end":{"line":301,"column":30}},"loc":{"start":{"line":301,"column":58},"end":{"line":310,"column":1}}},"29":{"name":"(anonymous_30)","decl":{"start":{"line":302,"column":71},"end":{"line":302,"column":74}},"loc":{"start":{"line":302,"column":78},"end":{"line":308,"column":4}}}},"branchMap":{"0":{"loc":{"start":{"line":43,"column":2},"end":{"line":43,"column":84}},"type":"if","locations":[{"start":{"line":43,"column":2},"end":{"line":43,"column":84}}]},"1":{"loc":{"start":{"line":44,"column":2},"end":{"line":44,"column":88}},"type":"if","locations":[{"start":{"line":44,"column":2},"end":{"line":44,"column":88}}]},"2":{"loc":{"start":{"line":45,"column":2},"end":{"line":45,"column":110}},"type":"if","locations":[{"start":{"line":45,"column":2},"end":{"line":45,"column":110}}]},"3":{"loc":{"start":{"line":46,"column":2},"end":{"line":46,"column":101}},"type":"if","locations":[{"start":{"line":46,"column":2},"end":{"line":46,"column":101}}]},"4":{"loc":{"start":{"line":59,"column":23},"end":{"line":59,"column":51}},"type":"binary-expr","locations":[{"start":{"line":59,"column":23},"end":{"line":59,"column":36}},{"start":{"line":59,"column":40},"end":{"line":59,"column":51}}]},"5":{"loc":{"start":{"line":61,"column":4},"end":{"line":61,"column":97}},"type":"binary-expr","locations":[{"start":{"line":61,"column":4},"end":{"line":61,"column":31}},{"start":{"line":61,"column":36},"end":{"line":61,"column":96}}]},"6":{"loc":{"start":{"line":61,"column":36},"end":{"line":61,"column":96}},"type":"cond-expr","locations":[{"start":{"line":61,"column":66},"end":{"line":61,"column":77}},{"start":{"line":61,"column":80},"end":{"line":61,"column":96}}]},"7":{"loc":{"start":{"line":63,"column":4},"end":{"line":65,"column":50}},"type":"cond-expr","locations":[{"start":{"line":64,"column":8},"end":{"line":64,"column":54}},{"start":{"line":65,"column":8},"end":{"line":65,"column":50}}]},"8":{"loc":{"start":{"line":104,"column":18},"end":{"line":104,"column":55}},"type":"cond-expr","locations":[{"start":{"line":104,"column":48},"end":{"line":104,"column":50}},{"start":{"line":104,"column":53},"end":{"line":104,"column":55}}]},"9":{"loc":{"start":{"line":109,"column":86},"end":{"line":109,"column":117}},"type":"binary-expr","locations":[{"start":{"line":109,"column":86},"end":{"line":109,"column":111}},{"start":{"line":109,"column":115},"end":{"line":109,"column":117}}]},"10":{"loc":{"start":{"line":190,"column":2},"end":{"line":190,"column":82}},"type":"if","locations":[{"start":{"line":190,"column":2},"end":{"line":190,"column":82}}]},"11":{"loc":{"start":{"line":191,"column":2},"end":{"line":191,"column":82}},"type":"if","locations":[{"start":{"line":191,"column":2},"end":{"line":191,"column":82}}]},"12":{"loc":{"start":{"line":192,"column":2},"end":{"line":192,"column":93}},"type":"if","locations":[{"start":{"line":192,"column":2},"end":{"line":192,"column":93}}]},"13":{"loc":{"start":{"line":249,"column":27},"end":{"line":249,"column":49}},"type":"binary-expr","locations":[{"start":{"line":249,"column":27},"end":{"line":249,"column":43}},{"start":{"line":249,"column":47},"end":{"line":249,"column":49}}]},"14":{"loc":{"start":{"line":252,"column":2},"end":{"line":254,"column":3}},"type":"if","locations":[{"start":{"line":252,"column":2},"end":{"line":254,"column":3}}]},"15":{"loc":{"start":{"line":253,"column":40},"end":{"line":253,"column":71}},"type":"binary-expr","locations":[{"start":{"line":253,"column":40},"end":{"line":253,"column":52}},{"start":{"line":253,"column":56},"end":{"line":253,"column":71}}]},"16":{"loc":{"start":{"line":288,"column":27},"end":{"line":288,"column":49}},"type":"binary-expr","locations":[{"start":{"line":288,"column":27},"end":{"line":288,"column":43}},{"start":{"line":288,"column":47},"end":{"line":288,"column":49}}]},"17":{"loc":{"start":{"line":291,"column":2},"end":{"line":293,"column":3}},"type":"if","locations":[{"start":{"line":291,"column":2},"end":{"line":293,"column":3}}]},"18":{"loc":{"start":{"line":292,"column":40},"end":{"line":292,"column":71}},"type":"binary-expr","locations":[{"start":{"line":292,"column":40},"end":{"line":292,"column":52}},{"start":{"line":292,"column":56},"end":{"line":292,"column":71}}]}},"s":{"0":1,"1":1,"2":1,"3":1,"4":1,"5":1,"6":1,"7":1,"8":14,"9":1,"10":14,"11":1,"12":14,"13":1,"14":10,"15":1,"16":9,"17":1,"18":8,"19":1,"20":7,"21":1,"22":6,"23":6,"24":6,"25":6,"26":6,"27":6,"28":14,"29":14,"30":14,"31":14,"32":29,"33":14,"34":14,"35":14,"36":14,"37":14,"38":14,"39":14,"40":29,"41":14,"42":14,"43":42,"44":57,"45":14,"46":10,"47":10,"48":6,"49":6,"50":6,"51":6,"52":6,"53":6,"54":6,"55":6,"56":6,"57":6,"58":6,"59":6,"60":6,"61":6,"62":7,"63":7,"64":1,"65":6,"66":1,"67":5,"68":1,"69":4,"70":4,"71":4,"72":10,"73":30,"74":90,"75":30,"76":10,"77":10,"78":10,"79":10,"80":10,"81":4,"82":6,"83":30,"84":6,"85":7,"86":7,"87":7,"88":7,"89":3,"90":4,"91":8,"92":4,"93":4,"94":8,"95":16,"96":8,"97":1,"98":1},"f":{"0":13,"1":13,"2":13,"3":10,"4":6,"5":6,"6":14,"7":14,"8":29,"9":14,"10":14,"11":29,"12":42,"13":57,"14":10,"15":6,"16":6,"17":6,"18":6,"19":7,"20":4,"21":10,"22":30,"23":90,"24":10,"25":30,"26":7,"27":8,"28":8,"29":16},"b":{"0":[1],"1":[1],"2":[1],"3":[1],"4":[6,0],"5":[6,0],"6":[0,0],"7":[5,1],"8":[12,2],"9":[29,0],"10":[1],"11":[1],"12":[1],"13":[10,10],"14":[4],"15":[4,0],"16":[7,7],"17":[3],"18":[3,0]}}
,"/home/user/nata-studio-os/skills/ai-creative-director/src/prompt-builder.ts": {"path":"/home/user/nata-studio-os/skills/ai-creative-director/src/prompt-builder.ts","statementMap":{"0":{"start":{"line":76,"column":0},"end":{"line":76,"column":16}},"1":{"start":{"line":91,"column":0},"end":{"line":91,"column":16}},"2":{"start":{"line":3,"column":57},"end":{"line":10,"column":2}},"3":{"start":{"line":12,"column":50},"end":{"line":22,"column":2}},"4":{"start":{"line":24,"column":22},"end":{"line":27,"column":2}},"5":{"start":{"line":30,"column":2},"end":{"line":30,"column":69}},"6":{"start":{"line":34,"column":20},"end":{"line":34,"column":53}},"7":{"start":{"line":35,"column":2},"end":{"line":35,"column":61}},"8":{"start":{"line":39,"column":2},"end":{"line":39,"column":53}},"9":{"start":{"line":43,"column":2},"end":{"line":43,"column":67}},"10":{"start":{"line":47,"column":18},"end":{"line":47,"column":40}},"11":{"start":{"line":48,"column":16},"end":{"line":48,"column":36}},"12":{"start":{"line":49,"column":2},"end":{"line":49,"column":33}},"13":{"start":{"line":53,"column":16},"end":{"line":53,"column":56}},"14":{"start":{"line":54,"column":19},"end":{"line":54,"column":80}},"15":{"start":{"line":55,"column":17},"end":{"line":55,"column":41}},"16":{"start":{"line":56,"column":2},"end":{"line":56,"column":52}},"17":{"start":{"line":60,"column":50},"end":{"line":60,"column":71}},"18":{"start":{"line":61,"column":2},"end":{"line":64,"column":3}},"19":{"start":{"line":62,"column":4},"end":{"line":62,"column":30}},"20":{"start":{"line":63,"column":4},"end":{"line":63,"column":26}},"21":{"start":{"line":65,"column":2},"end":{"line":68,"column":3}},"22":{"start":{"line":66,"column":4},"end":{"line":66,"column":25}},"23":{"start":{"line":67,"column":4},"end":{"line":67,"column":29}},"24":{"start":{"line":69,"column":2},"end":{"line":72,"column":3}},"25":{"start":{"line":70,"column":4},"end":{"line":70,"column":30}},"26":{"start":{"line":71,"column":4},"end":{"line":71,"column":35}},"27":{"start":{"line":73,"column":2},"end":{"line":73,"column":16}},"28":{"start":{"line":77,"column":21},"end":{"line":77,"column":42}},"29":{"start":{"line":78,"column":24},"end":{"line":78,"column":55}},"30":{"start":{"line":79,"column":25},"end":{"line":79,"column":60}},"31":{"start":{"line":80,"column":26},"end":{"line":80,"column":52}},"32":{"start":{"line":82,"column":2},"end":{"line":88,"column":4}},"33":{"start":{"line":96,"column":2},"end":{"line":105,"column":4}},"34":{"start":{"line":97,"column":4},"end":{"line":104,"column":6}}},"fnMap":{"0":{"name":"buildSubjectLine","decl":{"start":{"line":29,"column":9},"end":{"line":29,"column":25}},"loc":{"start":{"line":29,"column":50},"end":{"line":31,"column":1}}},"1":{"name":"buildStyleLine","decl":{"start":{"line":33,"column":9},"end":{"line":33,"column":23}},"loc":{"start":{"line":33,"column":48},"end":{"line":36,"column":1}}},"2":{"name":"buildNegativePrompt","decl":{"start":{"line":38,"column":9},"end":{"line":38,"column":28}},"loc":{"start":{"line":38,"column":53},"end":{"line":40,"column":1}}},"3":{"name":"countTokens","decl":{"start":{"line":42,"column":9},"end":{"line":42,"column":20}},"loc":{"start":{"line":42,"column":33},"end":{"line":44,"column":1}}},"4":{"name":"buildBasePrompt","decl":{"start":{"line":46,"column":9},"end":{"line":46,"column":24}},"loc":{"start":{"line":46,"column":49},"end":{"line":50,"column":1}}},"5":{"name":"refineForTool","decl":{"start":{"line":52,"column":9},"end":{"line":52,"column":22}},"loc":{"start":{"line":52,"column":67},"end":{"line":57,"column":1}}},"6":{"name":"buildTechnicalParams","decl":{"start":{"line":59,"column":9},"end":{"line":59,"column":29}},"loc":{"start":{"line":59,"column":54},"end":{"line":74,"column":1}}},"7":{"name":"generatePrompt","decl":{"start":{"line":76,"column":16},"end":{"line":76,"column":30}},"loc":{"start":{"line":76,"column":55},"end":{"line":89,"column":1}}},"8":{"name":"generatePromptsFromBrief","decl":{"start":{"line":91,"column":16},"end":{"line":91,"column":40}},"loc":{"start":{"line":94,"column":14},"end":{"line":106,"column":1}}},"9":{"name":"(anonymous_9)","decl":{"start":{"line":96,"column":32},"end":{"line":96,"column":33}},"loc":{"start":{"line":97,"column":4},"end":{"line":104,"column":6}}}},"branchMap":{"0":{"loc":{"start":{"line":34,"column":20},"end":{"line":34,"column":53}},"type":"binary-expr","locations":[{"start":{"line":34,"column":20},"end":{"line":34,"column":47}},{"start":{"line":34,"column":51},"end":{"line":34,"column":53}}]},"1":{"loc":{"start":{"line":38,"column":29},"end":{"line":38,"column":53}},"type":"default-arg","locations":[{"start":{"line":38,"column":51},"end":{"line":38,"column":53}}]},"2":{"loc":{"start":{"line":53,"column":16},"end":{"line":53,"column":56}},"type":"binary-expr","locations":[{"start":{"line":53,"column":16},"end":{"line":53,"column":50}},{"start":{"line":53,"column":54},"end":{"line":53,"column":56}}]},"3":{"loc":{"start":{"line":54,"column":19},"end":{"line":54,"column":80}},"type":"cond-expr","locations":[{"start":{"line":54,"column":45},"end":{"line":54,"column":75}},{"start":{"line":54,"column":78},"end":{"line":54,"column":80}}]},"4":{"loc":{"start":{"line":55,"column":17},"end":{"line":55,"column":41}},"type":"cond-expr","locations":[{"start":{"line":55,"column":25},"end":{"line":55,"column":36}},{"start":{"line":55,"column":39},"end":{"line":55,"column":41}}]},"5":{"loc":{"start":{"line":61,"column":2},"end":{"line":64,"column":3}},"type":"if","locations":[{"start":{"line":61,"column":2},"end":{"line":64,"column":3}}]},"6":{"loc":{"start":{"line":65,"column":2},"end":{"line":68,"column":3}},"type":"if","locations":[{"start":{"line":65,"column":2},"end":{"line":68,"column":3}}]},"7":{"loc":{"start":{"line":69,"column":2},"end":{"line":72,"column":3}},"type":"if","locations":[{"start":{"line":69,"column":2},"end":{"line":72,"column":3}}]}},"s":{"0":1,"1":1,"2":1,"3":1,"4":1,"5":36,"6":36,"7":36,"8":36,"9":36,"10":36,"11":36,"12":36,"13":36,"14":36,"15":36,"16":36,"17":36,"18":36,"19":5,"20":5,"21":36,"22":4,"23":4,"24":36,"25":15,"26":15,"27":36,"28":36,"29":36,"30":36,"31":36,"32":36,"33":8,"34":19},"f":{"0":36,"1":36,"2":36,"3":36,"4":36,"5":36,"6":36,"7":36,"8":8,"9":19},"b":{"0":[36,0],"1":[35],"2":[36,0],"3":[2,34],"4":[33,3],"5":[5],"6":[4],"7":[15]}}
,"/home/user/nata-studio-os/skills/ai-creative-director/src/quality-reviewer.ts": {"path":"/home/user/nata-studio-os/skills/ai-creative-director/src/quality-reviewer.ts","statementMap":{"0":{"start":{"line":52,"column":0},"end":{"line":52,"column":16}},"1":{"start":{"line":3,"column":46},"end":{"line":9,"column":2}},"2":{"start":{"line":12,"column":2},"end":{"line":17,"column":4}},"3":{"start":{"line":14,"column":27},"end":{"line":14,"column":69}},"4":{"start":{"line":21,"column":2},"end":{"line":21,"column":40}},"5":{"start":{"line":21,"column":19},"end":{"line":21,"column":40}},"6":{"start":{"line":22,"column":2},"end":{"line":22,"column":35}},"7":{"start":{"line":22,"column":19},"end":{"line":22,"column":35}},"8":{"start":{"line":23,"column":2},"end":{"line":23,"column":39}},"9":{"start":{"line":23,"column":19},"end":{"line":23,"column":39}},"10":{"start":{"line":24,"column":2},"end":{"line":24,"column":43}},"11":{"start":{"line":24,"column":19},"end":{"line":24,"column":43}},"12":{"start":{"line":25,"column":2},"end":{"line":25,"column":18}},"13":{"start":{"line":29,"column":2},"end":{"line":29,"column":91}},"14":{"start":{"line":29,"column":31},"end":{"line":29,"column":91}},"15":{"start":{"line":30,"column":2},"end":{"line":30,"column":86}},"16":{"start":{"line":30,"column":26},"end":{"line":30,"column":86}},"17":{"start":{"line":31,"column":2},"end":{"line":33,"column":3}},"18":{"start":{"line":32,"column":4},"end":{"line":32,"column":82}},"19":{"start":{"line":34,"column":2},"end":{"line":34,"column":87}},"20":{"start":{"line":38,"column":2},"end":{"line":38,"column":41}},"21":{"start":{"line":38,"column":31},"end":{"line":38,"column":41}},"22":{"start":{"line":39,"column":2},"end":{"line":43,"column":85}},"23":{"start":{"line":40,"column":25},"end":{"line":40,"column":33}},"24":{"start":{"line":41,"column":28},"end":{"line":41,"column":33}},"25":{"start":{"line":43,"column":25},"end":{"line":43,"column":83}},"26":{"start":{"line":47,"column":2},"end":{"line":49,"column":3}},"27":{"start":{"line":48,"column":4},"end":{"line":48,"column":88}},"28":{"start":{"line":53,"column":2},"end":{"line":53,"column":62}},"29":{"start":{"line":54,"column":2},"end":{"line":54,"column":64}},"30":{"start":{"line":55,"column":2},"end":{"line":55,"column":64}},"31":{"start":{"line":56,"column":2},"end":{"line":56,"column":62}},"32":{"start":{"line":57,"column":2},"end":{"line":57,"column":62}},"33":{"start":{"line":59,"column":46},"end":{"line":65,"column":4}},"34":{"start":{"line":67,"column":24},"end":{"line":67,"column":52}},"35":{"start":{"line":68,"column":16},"end":{"line":68,"column":42}},"36":{"start":{"line":69,"column":17},"end":{"line":69,"column":69}},"37":{"start":{"line":69,"column":63},"end":{"line":69,"column":68}},"38":{"start":{"line":70,"column":18},"end":{"line":70,"column":52}},"39":{"start":{"line":72,"column":2},"end":{"line":79,"column":4}}},"fnMap":{"0":{"name":"computeWeightedTotal","decl":{"start":{"line":11,"column":9},"end":{"line":11,"column":29}},"loc":{"start":{"line":11,"column":65},"end":{"line":18,"column":1}}},"1":{"name":"(anonymous_1)","decl":{"start":{"line":14,"column":6},"end":{"line":14,"column":7}},"loc":{"start":{"line":14,"column":27},"end":{"line":14,"column":69}}},"2":{"name":"assignGrade","decl":{"start":{"line":20,"column":9},"end":{"line":20,"column":20}},"loc":{"start":{"line":20,"column":34},"end":{"line":26,"column":1}}},"3":{"name":"buildRecommendation","decl":{"start":{"line":28,"column":9},"end":{"line":28,"column":28}},"loc":{"start":{"line":28,"column":80},"end":{"line":35,"column":1}}},"4":{"name":"buildImprovementNotes","decl":{"start":{"line":37,"column":9},"end":{"line":37,"column":30}},"loc":{"start":{"line":37,"column":87},"end":{"line":44,"column":1}}},"5":{"name":"(anonymous_5)","decl":{"start":{"line":40,"column":12},"end":{"line":40,"column":13}},"loc":{"start":{"line":40,"column":25},"end":{"line":40,"column":33}}},"6":{"name":"(anonymous_6)","decl":{"start":{"line":41,"column":10},"end":{"line":41,"column":11}},"loc":{"start":{"line":41,"column":28},"end":{"line":41,"column":33}}},"7":{"name":"(anonymous_7)","decl":{"start":{"line":43,"column":9},"end":{"line":43,"column":10}},"loc":{"start":{"line":43,"column":25},"end":{"line":43,"column":83}}},"8":{"name":"assertReviewScore","decl":{"start":{"line":46,"column":9},"end":{"line":46,"column":26}},"loc":{"start":{"line":46,"column":55},"end":{"line":50,"column":1}}},"9":{"name":"reviewOutput","decl":{"start":{"line":52,"column":16},"end":{"line":52,"column":28}},"loc":{"start":{"line":52,"column":53},"end":{"line":80,"column":1}}},"10":{"name":"(anonymous_10)","decl":{"start":{"line":69,"column":45},"end":{"line":69,"column":46}},"loc":{"start":{"line":69,"column":63},"end":{"line":69,"column":68}}}},"branchMap":{"0":{"loc":{"start":{"line":14,"column":40},"end":{"line":14,"column":63}},"type":"binary-expr","locations":[{"start":{"line":14,"column":40},"end":{"line":14,"column":58}},{"start":{"line":14,"column":62},"end":{"line":14,"column":63}}]},"1":{"loc":{"start":{"line":21,"column":2},"end":{"line":21,"column":40}},"type":"if","locations":[{"start":{"line":21,"column":2},"end":{"line":21,"column":40}}]},"2":{"loc":{"start":{"line":22,"column":2},"end":{"line":22,"column":35}},"type":"if","locations":[{"start":{"line":22,"column":2},"end":{"line":22,"column":35}}]},"3":{"loc":{"start":{"line":23,"column":2},"end":{"line":23,"column":39}},"type":"if","locations":[{"start":{"line":23,"column":2},"end":{"line":23,"column":39}}]},"4":{"loc":{"start":{"line":24,"column":2},"end":{"line":24,"column":43}},"type":"if","locations":[{"start":{"line":24,"column":2},"end":{"line":24,"column":43}}]},"5":{"loc":{"start":{"line":29,"column":2},"end":{"line":29,"column":91}},"type":"if","locations":[{"start":{"line":29,"column":2},"end":{"line":29,"column":91}}]},"6":{"loc":{"start":{"line":30,"column":2},"end":{"line":30,"column":86}},"type":"if","locations":[{"start":{"line":30,"column":2},"end":{"line":30,"column":86}}]},"7":{"loc":{"start":{"line":31,"column":2},"end":{"line":33,"column":3}},"type":"if","locations":[{"start":{"line":31,"column":2},"end":{"line":33,"column":3}}]},"8":{"loc":{"start":{"line":38,"column":2},"end":{"line":38,"column":41}},"type":"if","locations":[{"start":{"line":38,"column":2},"end":{"line":38,"column":41}}]},"9":{"loc":{"start":{"line":47,"column":2},"end":{"line":49,"column":3}},"type":"if","locations":[{"start":{"line":47,"column":2},"end":{"line":49,"column":3}}]},"10":{"loc":{"start":{"line":47,"column":6},"end":{"line":47,"column":57}},"type":"binary-expr","locations":[{"start":{"line":47,"column":6},"end":{"line":47,"column":30}},{"start":{"line":47,"column":34},"end":{"line":47,"column":43}},{"start":{"line":47,"column":47},"end":{"line":47,"column":57}}]}},"s":{"0":1,"1":1,"2":10,"3":50,"4":10,"5":3,"6":7,"7":1,"8":6,"9":1,"10":5,"11":2,"12":3,"13":10,"14":3,"15":7,"16":1,"17":6,"18":1,"19":5,"20":10,"21":3,"22":7,"23":35,"24":15,"25":13,"26":57,"27":3,"28":13,"29":12,"30":11,"31":11,"32":10,"33":10,"34":10,"35":10,"36":10,"37":44,"38":10,"39":10},"f":{"0":10,"1":50,"2":10,"3":10,"4":10,"5":35,"6":15,"7":13,"8":57,"9":13,"10":44},"b":{"0":[50,0],"1":[3],"2":[1],"3":[1],"4":[2],"5":[3],"6":[1],"7":[1],"8":[3],"9":[3],"10":[57,56,55]}}
,"/home/user/nata-studio-os/skills/ai-creative-director/src/tool-selector.ts": {"path":"/home/user/nata-studio-os/skills/ai-creative-director/src/tool-selector.ts","statementMap":{"0":{"start":{"line":150,"column":0},"end":{"line":150,"column":16}},"1":{"start":{"line":9,"column":46},"end":{"line":9,"column":85}},"2":{"start":{"line":11,"column":13},"end":{"line":111,"column":2}},"3":{"start":{"line":113,"column":51},"end":{"line":123,"column":2}},"4":{"start":{"line":126,"column":2},"end":{"line":126,"column":57}},"5":{"start":{"line":126,"column":48},"end":{"line":126,"column":57}},"6":{"start":{"line":127,"column":2},"end":{"line":127,"column":49}},"7":{"start":{"line":127,"column":40},"end":{"line":127,"column":49}},"8":{"start":{"line":128,"column":14},"end":{"line":128,"column":16}},"9":{"start":{"line":129,"column":2},"end":{"line":129,"column":59}},"10":{"start":{"line":129,"column":47},"end":{"line":129,"column":59}},"11":{"start":{"line":130,"column":2},"end":{"line":130,"column":69}},"12":{"start":{"line":130,"column":57},"end":{"line":130,"column":69}},"13":{"start":{"line":131,"column":2},"end":{"line":133,"column":47}},"14":{"start":{"line":131,"column":34},"end":{"line":131,"column":66}},"15":{"start":{"line":132,"column":7},"end":{"line":133,"column":47}},"16":{"start":{"line":132,"column":37},"end":{"line":132,"column":67}},"17":{"start":{"line":133,"column":7},"end":{"line":133,"column":47}},"18":{"start":{"line":134,"column":2},"end":{"line":134,"column":75}},"19":{"start":{"line":134,"column":63},"end":{"line":134,"column":75}},"20":{"start":{"line":135,"column":2},"end":{"line":137,"column":3}},"21":{"start":{"line":136,"column":4},"end":{"line":136,"column":16}},"22":{"start":{"line":138,"column":2},"end":{"line":138,"column":15}},"23":{"start":{"line":142,"column":14},"end":{"line":142,"column":35}},"24":{"start":{"line":143,"column":23},"end":{"line":143,"column":59}},"25":{"start":{"line":144,"column":2},"end":{"line":147,"column":4}},"26":{"start":{"line":151,"column":18},"end":{"line":154,"column":38}},"27":{"start":{"line":152,"column":19},"end":{"line":152,"column":79}},"28":{"start":{"line":153,"column":23},"end":{"line":153,"column":38}},"29":{"start":{"line":154,"column":20},"end":{"line":154,"column":37}},"30":{"start":{"line":156,"column":2},"end":{"line":160,"column":3}},"31":{"start":{"line":157,"column":4},"end":{"line":159,"column":6}},"32":{"start":{"line":162,"column":18},"end":{"line":162,"column":32}},"33":{"start":{"line":163,"column":23},"end":{"line":163,"column":60}},"34":{"start":{"line":163,"column":53},"end":{"line":163,"column":59}},"35":{"start":{"line":165,"column":2},"end":{"line":171,"column":4}}},"fnMap":{"0":{"name":"scoreCandidate","decl":{"start":{"line":125,"column":9},"end":{"line":125,"column":23}},"loc":{"start":{"line":125,"column":67},"end":{"line":139,"column":1}}},"1":{"name":"buildRationale","decl":{"start":{"line":141,"column":9},"end":{"line":141,"column":23}},"loc":{"start":{"line":141,"column":77},"end":{"line":148,"column":1}}},"2":{"name":"selectTool","decl":{"start":{"line":150,"column":16},"end":{"line":150,"column":26}},"loc":{"start":{"line":150,"column":57},"end":{"line":172,"column":1}}},"3":{"name":"(anonymous_3)","decl":{"start":{"line":152,"column":9},"end":{"line":152,"column":10}},"loc":{"start":{"line":152,"column":19},"end":{"line":152,"column":79}}},"4":{"name":"(anonymous_4)","decl":{"start":{"line":153,"column":12},"end":{"line":153,"column":13}},"loc":{"start":{"line":153,"column":23},"end":{"line":153,"column":38}}},"5":{"name":"(anonymous_5)","decl":{"start":{"line":154,"column":10},"end":{"line":154,"column":11}},"loc":{"start":{"line":154,"column":20},"end":{"line":154,"column":37}}},"6":{"name":"(anonymous_6)","decl":{"start":{"line":163,"column":46},"end":{"line":163,"column":47}},"loc":{"start":{"line":163,"column":53},"end":{"line":163,"column":59}}}},"branchMap":{"0":{"loc":{"start":{"line":126,"column":2},"end":{"line":126,"column":57}},"type":"if","locations":[{"start":{"line":126,"column":2},"end":{"line":126,"column":57}}]},"1":{"loc":{"start":{"line":127,"column":2},"end":{"line":127,"column":49}},"type":"if","locations":[{"start":{"line":127,"column":2},"end":{"line":127,"column":49}}]},"2":{"loc":{"start":{"line":129,"column":2},"end":{"line":129,"column":59}},"type":"if","locations":[{"start":{"line":129,"column":2},"end":{"line":129,"column":59}}]},"3":{"loc":{"start":{"line":130,"column":2},"end":{"line":130,"column":69}},"type":"if","locations":[{"start":{"line":130,"column":2},"end":{"line":130,"column":69}}]},"4":{"loc":{"start":{"line":131,"column":2},"end":{"line":133,"column":47}},"type":"if","locations":[{"start":{"line":131,"column":2},"end":{"line":133,"column":47}},{"start":{"line":132,"column":7},"end":{"line":133,"column":47}}]},"5":{"loc":{"start":{"line":132,"column":7},"end":{"line":133,"column":47}},"type":"if","locations":[{"start":{"line":132,"column":7},"end":{"line":133,"column":47}},{"start":{"line":133,"column":7},"end":{"line":133,"column":47}}]},"6":{"loc":{"start":{"line":134,"column":2},"end":{"line":134,"column":75}},"type":"if","locations":[{"start":{"line":134,"column":2},"end":{"line":134,"column":75}}]},"7":{"loc":{"start":{"line":134,"column":6},"end":{"line":134,"column":61}},"type":"binary-expr","locations":[{"start":{"line":134,"column":6},"end":{"line":134,"column":33}},{"start":{"line":134,"column":37},"end":{"line":134,"column":61}}]},"8":{"loc":{"start":{"line":135,"column":2},"end":{"line":137,"column":3}},"type":"if","locations":[{"start":{"line":135,"column":2},"end":{"line":137,"column":3}}]},"9":{"loc":{"start":{"line":135,"column":6},"end":{"line":135,"column":95}},"type":"binary-expr","locations":[{"start":{"line":135,"column":6},"end":{"line":135,"column":38}},{"start":{"line":135,"column":42},"end":{"line":135,"column":95}}]},"10":{"loc":{"start":{"line":156,"column":2},"end":{"line":160,"column":3}},"type":"if","locations":[{"start":{"line":156,"column":2},"end":{"line":160,"column":3}}]}},"s":{"0":1,"1":1,"2":1,"3":1,"4":171,"5":69,"6":102,"7":14,"8":88,"9":88,"10":88,"11":88,"12":77,"13":88,"14":79,"15":9,"16":6,"17":3,"18":88,"19":1,"20":88,"21":3,"22":88,"23":18,"24":18,"25":18,"26":19,"27":171,"28":171,"29":130,"30":19,"31":1,"32":18,"33":18,"34":36,"35":18},"f":{"0":171,"1":18,"2":19,"3":171,"4":171,"5":130,"6":36},"b":{"0":[69],"1":[14],"2":[88],"3":[77],"4":[79,9],"5":[6,3],"6":[1],"7":[88,3],"8":[3],"9":[88,6],"10":[1]}}
}
