TN:
SF:src/index.ts
FN:25,(anonymous_1)
FN:26,(anonymous_2)
FN:27,(anonymous_3)
FN:42,validateBrief
FN:58,deriveConcept
FN:77,buildRequirements
FN:87,buildPrepPhase
FN:99,buildGenerationPhase
FN:105,(anonymous_9)
FN:116,buildReviewPhase
FN:131,buildProductionPlan
FN:140,(anonymous_12)
FN:143,(anonymous_13)
FN:143,(anonymous_14)
FN:155,handleValidateBrief
FN:160,handleDevelopConcept
FN:165,handleSelectTool
FN:171,handleGeneratePrompts
FN:178,handlePlanProduction
FN:188,handleAnalyzeConcept
FN:196,handleGeneratePrompt
FN:203,briefRoutes
FN:220,extractStepOutput
FN:225,(anonymous_24)
FN:229,runBriefWorkflow
FN:256,(anonymous_26)
FN:270,runPromptWorkflow
FN:295,(anonymous_28)
FN:301,planProduction
FN:302,(anonymous_30)
FNF:30
FNH:30
FNDA:13,(anonymous_1)
FNDA:13,(anonymous_2)
FNDA:13,(anonymous_3)
FNDA:10,validateBrief
FNDA:6,deriveConcept
FNDA:6,buildRequirements
FNDA:14,buildPrepPhase
FNDA:14,buildGenerationPhase
FNDA:29,(anonymous_9)
FNDA:14,buildReviewPhase
FNDA:14,buildProductionPlan
FNDA:29,(anonymous_12)
FNDA:42,(anonymous_13)
FNDA:57,(anonymous_14)
FNDA:10,handleValidateBrief
FNDA:6,handleDevelopConcept
FNDA:6,handleSelectTool
FNDA:6,handleGeneratePrompts
FNDA:6,handlePlanProduction
FNDA:7,handleAnalyzeConcept
FNDA:4,handleGeneratePrompt
FNDA:10,briefRoutes
FNDA:30,extractStepOutput
FNDA:90,(anonymous_24)
FNDA:10,runBriefWorkflow
FNDA:30,(anonymous_26)
FNDA:7,runPromptWorkflow
FNDA:8,(anonymous_28)
FNDA:8,planProduction
FNDA:16,(anonymous_30)
DA:1,1
DA:3,1
DA:4,1
DA:5,1
DA:25,14
DA:26,14
DA:27,14
DA:32,1
DA:43,10
DA:44,9
DA:45,8
DA:46,7
DA:47,6
DA:59,6
DA:61,6
DA:63,6
DA:67,6
DA:78,6
DA:88,14
DA:96,14
DA:104,14
DA:105,29
DA:113,14
DA:120,14
DA:128,14
DA:137,14
DA:138,14
DA:139,14
DA:140,29
DA:142,14
DA:143,57
DA:145,14
DA:156,10
DA:157,10
DA:161,6
DA:162,6
DA:166,6
DA:167,6
DA:168,6
DA:172,6
DA:173,6
DA:174,6
DA:175,6
DA:179,6
DA:180,6
DA:181,6
DA:182,6
DA:183,6
DA:189,7
DA:190,7
DA:191,6
DA:192,5
DA:193,4
DA:197,4
DA:198,4
DA:204,10
DA:225,90
DA:226,30
DA:229,1
DA:233,10
DA:234,10
DA:235,10
DA:237,10
DA:252,10
DA:253,4
DA:256,6
DA:257,30
DA:259,6
DA:270,1
DA:274,7
DA:275,7
DA:277,7
DA:291,7
DA:292,3
DA:295,8
DA:296,4
DA:298,4
DA:301,1
DA:302,16
DA:309,8
DA:314,1
DA:322,1
LF:82
LH:82
BRDA:43,0,0,1
BRDA:44,1,0,1
BRDA:45,2,0,1
BRDA:46,3,0,1
BRDA:59,4,0,6
BRDA:59,4,1,0
BRDA:61,5,0,6
BRDA:61,5,1,0
BRDA:61,6,0,0
BRDA:61,6,1,0
BRDA:63,7,0,5
BRDA:63,7,1,1
BRDA:104,8,0,12
BRDA:104,8,1,2
BRDA:109,9,0,29
BRDA:109,9,1,0
BRDA:190,10,0,1
BRDA:191,11,0,1
BRDA:192,12,0,1
BRDA:249,13,0,10
BRDA:249,13,1,10
BRDA:252,14,0,4
BRDA:253,15,0,4
BRDA:253,15,1,0
BRDA:288,16,0,7
BRDA:288,16,1,7
BRDA:291,17,0,3
BRDA:292,18,0,3
BRDA:292,18,1,0
BRF:29
BRH:22
end_of_record
TN:
SF:src/prompt-builder.ts
FN:29,buildSubjectLine
FN:33,buildStyleLine
FN:38,buildNegativePrompt
FN:42,countTokens
FN:46,buildBasePrompt
FN:52,refineForTool
FN:59,buildTechnicalParams
FN:76,generatePrompt
FN:91,generatePromptsFromBrief
FN:96,(anonymous_9)
FNF:10
FNH:10
FNDA:36,buildSubjectLine
FNDA:36,buildStyleLine
FNDA:36,buildNegativePrompt
FNDA:36,countTokens
FNDA:36,buildBasePrompt
FNDA:36,refineForTool
FNDA:36,buildTechnicalParams
FNDA:36,generatePrompt
FNDA:8,generatePromptsFromBrief
FNDA:19,(anonymous_9)
DA:3,1
DA:12,1
DA:24,1
DA:30,36
DA:34,36
DA:35,36
DA:39,36
DA:43,36
DA:47,36
DA:48,36
DA:49,36
DA:53,36
DA:54,36
DA:55,36
DA:56,36
DA:60,36
DA:61,36
DA:62,5
DA:63,5
DA:65,36
DA:66,4
DA:67,4
DA:69,36
DA:70,15
DA:71,15
DA:73,36
DA:76,1
DA:77,36
DA:78,36
DA:79,36
DA:80,36
DA:82,36
DA:91,1
DA:96,8
DA:97,19
LF:35
LH:35
BRDA:34,0,0,36
BRDA:34,0,1,0
BRDA:38,1,0,35
BRDA:53,2,0,36
BRDA:53,2,1,0
BRDA:54,3,0,2
BRDA:54,3,1,34
BRDA:55,4,0,33
BRDA:55,4,1,3
BRDA:61,5,0,5
BRDA:65,6,0,4
BRDA:69,7,0,15
BRF:12
BRH:10
end_of_record
TN:
SF:src/quality-reviewer.ts
FN:11,computeWeightedTotal
FN:14,(anonymous_1)
FN:20,assignGrade
FN:28,buildRecommendation
FN:37,buildImprovementNotes
FN:40,(anonymous_5)
FN:41,(anonymous_6)
FN:43,(anonymous_7)
FN:46,assertReviewScore
FN:52,reviewOutput
FN:69,(anonymous_10)
FNF:11
FNH:11
FNDA:10,computeWeightedTotal
FNDA:50,(anonymous_1)
FNDA:10,assignGrade
FNDA:10,buildRecommendation
FNDA:10,buildImprovementNotes
FNDA:35,(anonymous_5)
FNDA:15,(anonymous_6)
FNDA:13,(anonymous_7)
FNDA:57,assertReviewScore
FNDA:13,reviewOutput
FNDA:44,(anonymous_10)
DA:3,1
DA:12,10
DA:14,50
DA:21,10
DA:22,7
DA:23,6
DA:24,5
DA:25,3
DA:29,10
DA:30,7
DA:31,6
DA:32,1
DA:34,5
DA:38,10
DA:39,7
DA:40,35
DA:41,15
DA:43,13
DA:47,57
DA:48,3
DA:52,1
DA:53,13
DA:54,12
DA:55,11
DA:56,11
DA:57,10
DA:59,10
DA:67,10
DA:68,10
DA:69,44
DA:70,10
DA:72,10
LF:32
LH:32
BRDA:14,0,0,50
BRDA:14,0,1,0
BRDA:21,1,0,3
BRDA:22,2,0,1
BRDA:23,3,0,1
BRDA:24,4,0,2
BRDA:29,5,0,3
BRDA:30,6,0,1
BRDA:31,7,0,1
BRDA:38,8,0,3
BRDA:47,9,0,3
BRDA:47,10,0,57
BRDA:47,10,1,56
BRDA:47,10,2,55
BRF:14
BRH:13
end_of_record
TN:
SF:src/tool-selector.ts
FN:125,scoreCandidate
FN:141,buildRationale
FN:150,selectTool
FN:152,(anonymous_3)
FN:153,(anonymous_4)
FN:154,(anonymous_5)
FN:163,(anonymous_6)
FNF:7
FNH:7
FNDA:171,scoreCandidate
FNDA:18,buildRationale
FNDA:19,selectTool
FNDA:171,(anonymous_3)
FNDA:171,(anonymous_4)
FNDA:130,(anonymous_5)
FNDA:36,(anonymous_6)
DA:9,1
DA:11,1
DA:113,1
DA:126,171
DA:127,102
DA:128,88
DA:129,88
DA:130,88
DA:131,88
DA:132,9
DA:133,3
DA:134,88
DA:135,88
DA:136,3
DA:138,88
DA:142,18
DA:143,18
DA:144,18
DA:150,1
DA:151,19
DA:152,171
DA:153,171
DA:154,130
DA:156,19
DA:157,1
DA:162,18
DA:163,36
DA:165,18
LF:28
LH:28
BRDA:126,0,0,69
BRDA:127,1,0,14
BRDA:129,2,0,88
BRDA:130,3,0,77
BRDA:131,4,0,79
BRDA:131,4,1,9
BRDA:132,5,0,6
BRDA:132,5,1,3
BRDA:134,6,0,1
BRDA:134,7,0,88
BRDA:134,7,1,3
BRDA:135,8,0,3
BRDA:135,9,0,88
BRDA:135,9,1,6
BRDA:156,10,0,1
BRF:15
BRH:15
end_of_record
